Mock Version: 1.2.5
ENTER do(['bash', '--login', '-c', '/usr/bin/rpmbuild -bs --target x86_64 --nodeps /builddir/build/SPECS/screenfetch.spec'], chrootPath='/var/lib/mock/rawhide-x86_64/root'shell=FalseprintOutput=Trueenv={'LANG': 'es_CO.utf8', 'TERM': 'vt100', 'SHELL': '/bin/bash', 'HOSTNAME': 'mock', 'PROMPT_COMMAND': 'printf "\x1b]0;<mock-chroot>\x07<mock-chroot>"', 'HOME': '/builddir', 'PATH': '/usr/bin:/bin:/usr/sbin:/sbin'}gid=135user='mockbuild'timeout=86400logger=<mockbuild.trace_decorator.getLog object at 0x7f7956529710>uid=1000)
Executing command: ['bash', '--login', '-c', '/usr/bin/rpmbuild -bs --target x86_64 --nodeps /builddir/build/SPECS/screenfetch.spec'] with env {'LANG': 'es_CO.utf8', 'TERM': 'vt100', 'SHELL': '/bin/bash', 'HOSTNAME': 'mock', 'PROMPT_COMMAND': 'printf "\x1b]0;<mock-chroot>\x07<mock-chroot>"', 'HOME': '/builddir', 'PATH': '/usr/bin:/bin:/usr/sbin:/sbin'} and shell False
advertencia:No se pudo canonizar el nombre de host: delorean
Construyendo las plataformas de destino: x86_64
Construyendo para el destino x86_64
Escrito: /builddir/build/SRPMS/screenfetch-3.6.5-1.20140929git0fb57330.fc23.src.rpm
Child return code was: 0
LEAVE do --> 

ENTER do(['bash', '--login', '-c', '/usr/bin/rpmbuild -bb --target x86_64 --nodeps  /builddir/build/SPECS/screenfetch.spec '], chrootPath='/var/lib/mock/rawhide-x86_64/root'shell=FalseprintOutput=Trueenv={'LANG': 'es_CO.utf8', 'TERM': 'vt100', 'SHELL': '/bin/bash', 'HOSTNAME': 'mock', 'PROMPT_COMMAND': 'printf "\x1b]0;<mock-chroot>\x07<mock-chroot>"', 'HOME': '/builddir', 'PATH': '/usr/bin:/bin:/usr/sbin:/sbin'}gid=135user='mockbuild'timeout=86400logger=<mockbuild.trace_decorator.getLog object at 0x7f7956529710>uid=1000)
Executing command: ['bash', '--login', '-c', '/usr/bin/rpmbuild -bb --target x86_64 --nodeps  /builddir/build/SPECS/screenfetch.spec '] with env {'LANG': 'es_CO.utf8', 'TERM': 'vt100', 'SHELL': '/bin/bash', 'HOSTNAME': 'mock', 'PROMPT_COMMAND': 'printf "\x1b]0;<mock-chroot>\x07<mock-chroot>"', 'HOME': '/builddir', 'PATH': '/usr/bin:/bin:/usr/sbin:/sbin'} and shell False
Construyendo las plataformas de destino: x86_64
Construyendo para el destino x86_64
Ejecutando(%prep): /bin/sh -e /var/tmp/rpm-tmp.krfxtV
+ umask 022
+ cd /builddir/build/BUILD
+ cd /builddir/build/BUILD
+ rm -rf screenFetch-0fb57330f1ce320a0518bbe432099fb2a5e7a273
+ /usr/bin/gzip -dc /builddir/build/SOURCES/screenFetch-0fb57330f1ce320a0518bbe432099fb2a5e7a273.tar.gz
+ /usr/bin/tar -xf -
+ STATUS=0
+ '[' 0 -ne 0 ']'
+ cd screenFetch-0fb57330f1ce320a0518bbe432099fb2a5e7a273
+ /usr/bin/chmod -Rf a+rX,u+w,g-w,o-w .
+ exit 0
Ejecutando(%build): /bin/sh -e /var/tmp/rpm-tmp.4fhlsB
+ umask 022
+ cd /builddir/build/BUILD
+ cd screenFetch-0fb57330f1ce320a0518bbe432099fb2a5e7a273
+ exit 0
Ejecutando(%install): /bin/sh -e /var/tmp/rpm-tmp.CLCorh
+ umask 022
+ cd /builddir/build/BUILD
+ '[' /builddir/build/BUILDROOT/screenfetch-3.6.5-1.20140929git0fb57330.fc23.x86_64 '!=' / ']'
+ rm -rf /builddir/build/BUILDROOT/screenfetch-3.6.5-1.20140929git0fb57330.fc23.x86_64
++ dirname /builddir/build/BUILDROOT/screenfetch-3.6.5-1.20140929git0fb57330.fc23.x86_64
+ mkdir -p /builddir/build/BUILDROOT
+ mkdir /builddir/build/BUILDROOT/screenfetch-3.6.5-1.20140929git0fb57330.fc23.x86_64
+ cd screenFetch-0fb57330f1ce320a0518bbe432099fb2a5e7a273
+ install -m 755 -p -D screenfetch-dev /builddir/build/BUILDROOT/screenfetch-3.6.5-1.20140929git0fb57330.fc23.x86_64/usr/bin/screenfetch
+ install -m 644 -p -D screenfetch.1 /builddir/build/BUILDROOT/screenfetch-3.6.5-1.20140929git0fb57330.fc23.x86_64/usr/share/man/man1/screenfetch.1
+ /usr/lib/rpm/find-debuginfo.sh --strict-build-id -m --run-dwz --dwz-low-mem-die-limit 10000000 --dwz-max-die-limit 110000000 /builddir/build/BUILD/screenFetch-0fb57330f1ce320a0518bbe432099fb2a5e7a273
/usr/lib/rpm/sepdebugcrcfix: Updated 0 CRC32s, 0 CRC32s did match.
+ /usr/lib/rpm/check-buildroot
+ /usr/lib/rpm/brp-compress
+ /usr/lib/rpm/brp-strip-static-archive /usr/bin/strip
+ /usr/lib/rpm/brp-python-bytecompile /usr/bin/python 1
+ /usr/lib/rpm/brp-python-hardlink
+ /usr/lib/rpm/redhat/brp-java-repack-jars
Procesando archivos: screenfetch-3.6.5-1.20140929git0fb57330.fc23.noarch
Ejecutando(%doc): /bin/sh -e /var/tmp/rpm-tmp.MQgGxX
+ umask 022
+ cd /builddir/build/BUILD
+ cd screenFetch-0fb57330f1ce320a0518bbe432099fb2a5e7a273
+ DOCDIR=/builddir/build/BUILDROOT/screenfetch-3.6.5-1.20140929git0fb57330.fc23.x86_64/usr/share/doc/screenfetch
+ export DOCDIR
+ /usr/bin/mkdir -p /builddir/build/BUILDROOT/screenfetch-3.6.5-1.20140929git0fb57330.fc23.x86_64/usr/share/doc/screenfetch
+ cp -pr CHANGELOG /builddir/build/BUILDROOT/screenfetch-3.6.5-1.20140929git0fb57330.fc23.x86_64/usr/share/doc/screenfetch
+ cp -pr COPYING /builddir/build/BUILDROOT/screenfetch-3.6.5-1.20140929git0fb57330.fc23.x86_64/usr/share/doc/screenfetch
+ cp -pr README.mkdn /builddir/build/BUILDROOT/screenfetch-3.6.5-1.20140929git0fb57330.fc23.x86_64/usr/share/doc/screenfetch
+ cp -pr TODO /builddir/build/BUILDROOT/screenfetch-3.6.5-1.20140929git0fb57330.fc23.x86_64/usr/share/doc/screenfetch
+ exit 0
Provides: screenfetch = 3.6.5-1.20140929git0fb57330.fc23
Requires(rpmlib): rpmlib(CompressedFileNames) <= 3.0.4-1 rpmlib(FileDigests) <= 4.6.0-1 rpmlib(PayloadFilesHavePrefix) <= 4.0-1
Requires: /usr/bin/env
Comprobando si hay archivos desempaquetados: /usr/lib/rpm/check-files /builddir/build/BUILDROOT/screenfetch-3.6.5-1.20140929git0fb57330.fc23.x86_64
advertencia:No se pudo canonizar el nombre de host: delorean
Escrito: /builddir/build/RPMS/screenfetch-3.6.5-1.20140929git0fb57330.fc23.noarch.rpm
Ejecutando(%clean): /bin/sh -e /var/tmp/rpm-tmp.9EI5OD
+ umask 022
+ cd /builddir/build/BUILD
+ cd screenFetch-0fb57330f1ce320a0518bbe432099fb2a5e7a273
+ /usr/bin/rm -rf /builddir/build/BUILDROOT/screenfetch-3.6.5-1.20140929git0fb57330.fc23.x86_64
+ exit 0
Child return code was: 0
LEAVE do --> 

