INFO buildroot.py:277:  Mock Version: 1.2.5
DEBUG buildroot.py:130:  rootdir = /var/lib/mock/rawhide-x86_64/root
DEBUG buildroot.py:131:  resultdir = /home/martin/Git/Fedora/screenfetch/results_screenfetch/3.6.5/1.20140929git0fb57330.fc23
DEBUG util.py:107:  ensuring that dir exists: /var/lib/mock/rawhide-x86_64/root/etc/pki/mock
DEBUG util.py:110:  creating dir: /var/lib/mock/rawhide-x86_64/root/etc/pki/mock
DEBUG util.py:107:  ensuring that dir exists: /var/lib/mock/rawhide-x86_64/root/etc/yum/pluginconf.d
DEBUG util.py:110:  creating dir: /var/lib/mock/rawhide-x86_64/root/etc/yum/pluginconf.d
DEBUG package_manager.py:149:  configure yum
DEBUG package_manager.py:155:  configure yum priorities
DEBUG package_manager.py:157:  configure yum rhnplugin
DEBUG util.py:107:  ensuring that dir exists: /var/lib/mock/rawhide-x86_64/root/etc
DEBUG package_manager.py:61:  ['/usr/bin/yum', '--installroot', '/var/lib/mock/rawhide-x86_64/root/', 'groupinstall', 'build']
DEBUG util.py:519:  child environment: None
DEBUG util.py:453:  Executing command: ['/usr/bin/yum', '--installroot', '/var/lib/mock/rawhide-x86_64/root/', 'groupinstall', 'build'] with env {'LANG': 'es_CO.utf8', 'TERM': 'vt100', 'SHELL': '/bin/bash', 'LC_MESSAGES': 'C', 'PROMPT_COMMAND': 'printf "\x1b]0;<mock-chroot>\x07<mock-chroot>"', 'PATH': '/usr/bin:/bin:/usr/sbin:/sbin', 'HOME': '/builddir', 'HOSTNAME': 'mock'} and shell False
DEBUG util.py:389:  There is no installed groups file.
DEBUG util.py:389:  Maybe run: yum groups mark convert (see man yum)
DEBUG util.py:389:  ================================================================================
DEBUG util.py:389:   Package                  Arch     Version                        Repository
DEBUG util.py:389:                                                                             Size
DEBUG util.py:389:  ================================================================================
DEBUG util.py:389:  Installing for group install "build":
DEBUG util.py:389:   bash                     x86_64   4.3.33-2.fc22                  build   1.6 M
DEBUG util.py:389:   bzip2                    x86_64   1.0.6-14.fc22                  build    56 k
DEBUG util.py:389:   coreutils                x86_64   8.23-6.fc22                    build   3.3 M
DEBUG util.py:389:   cpio                     x86_64   2.11-33.fc22                   build   215 k
DEBUG util.py:389:   diffutils                x86_64   3.3-9.fc22                     build   328 k
DEBUG util.py:389:   fedora-release           noarch   23-0.2                         build    21 k
DEBUG util.py:389:   findutils                x86_64   1:4.5.14-3.fc23                build   521 k
DEBUG util.py:389:   gawk                     x86_64   4.1.1-6.fc22                   build   1.0 M
DEBUG util.py:389:   gcc                      x86_64   5.0.0-0.15.fc23                build    19 M
DEBUG util.py:389:   gcc-c++                  x86_64   5.0.0-0.15.fc23                build   9.7 M
DEBUG util.py:389:   grep                     x86_64   2.21-3.fc22                    build   363 k
DEBUG util.py:389:   gzip                     x86_64   1.6-6.fc22                     build   154 k
DEBUG util.py:389:   info                     x86_64   5.2-8.fc22                     build   211 k
DEBUG util.py:389:   make                     x86_64   1:4.0-3.1.fc22                 build   445 k
DEBUG util.py:389:   patch                    x86_64   2.7.4-1.fc22                   build   118 k
DEBUG util.py:389:   redhat-rpm-config        noarch   27-1.fc22                      build    57 k
DEBUG util.py:389:   rpm-build                x86_64   4.12.0.1-7.fc23                build   131 k
DEBUG util.py:389:   sed                      x86_64   4.2.2-9.fc22                   build   236 k
DEBUG util.py:389:   shadow-utils             x86_64   2:4.2.1-1.fc22                 build   1.1 M
DEBUG util.py:389:   tar                      x86_64   2:1.28-3.fc22                  build   937 k
DEBUG util.py:389:   unzip                    x86_64   6.0-20.fc23                    build   173 k
DEBUG util.py:389:   util-linux               x86_64   2.26-0.4.fc22                  build   2.0 M
DEBUG util.py:389:   which                    x86_64   2.20-8.fc22                    build    44 k
DEBUG util.py:389:   xz                       x86_64   5.2.0-2.fc22                   build   145 k
DEBUG util.py:389:  Installing for dependencies:
DEBUG util.py:389:   audit-libs               x86_64   2.4.1-1.fc22                   build    92 k
DEBUG util.py:389:   basesystem               noarch   10.0-10.fc21                   build   4.2 k
DEBUG util.py:389:   binutils                 x86_64   2.25-5.fc22                    build   5.3 M
DEBUG util.py:389:   bzip2-libs               x86_64   1.0.6-14.fc22                  build    43 k
DEBUG util.py:389:   ca-certificates          noarch   2014.2.2-2.fc22                build   426 k
DEBUG util.py:389:   chkconfig                x86_64   1.3.63-1.fc22                  build   175 k
DEBUG util.py:389:   cpp                      x86_64   5.0.0-0.15.fc23                build   8.2 M
DEBUG util.py:389:   cracklib                 x86_64   2.9.1-5.fc22                   build    83 k
DEBUG util.py:389:   cracklib-dicts           x86_64   2.9.1-5.fc22                   build   3.6 M
DEBUG util.py:389:   crypto-policies          noarch   20150115-3.git9ef7493.fc22     build    24 k
DEBUG util.py:389:   curl                     x86_64   7.40.0-1.fc22                  build   277 k
DEBUG util.py:389:   cyrus-sasl-lib           x86_64   2.1.26-20.fc22                 build   157 k
DEBUG util.py:389:   dwz                      x86_64   0.11-4.fc22                    build   102 k
DEBUG util.py:389:   elfutils                 x86_64   0.161-4.fc22                   build   274 k
DEBUG util.py:389:   elfutils-libelf          x86_64   0.161-4.fc22                   build   203 k
DEBUG util.py:389:   elfutils-libs            x86_64   0.161-4.fc22                   build   266 k
DEBUG util.py:389:   expat                    x86_64   2.1.0-10.fc22                  build    83 k
DEBUG util.py:389:   fedora-repos             noarch   23-0.2                         build    13 k
DEBUG util.py:389:   fedora-repos-rawhide     noarch   23-0.2                         build   7.3 k
DEBUG util.py:389:   file                     x86_64   5.22-1.fc22                    build    64 k
DEBUG util.py:389:   file-libs                x86_64   5.22-1.fc22                    build   422 k
DEBUG util.py:389:   filesystem               x86_64   3.2-32.fc22                    build   1.1 M
DEBUG util.py:389:   gc                       x86_64   7.4.2-2.fc22                   build   103 k
DEBUG util.py:389:   gcc-gdb-plugin           x86_64   5.0.0-0.15.fc23                build    64 k
DEBUG util.py:389:   gdb                      x86_64   7.8.90.20150214-7.fc23         build   2.9 M
DEBUG util.py:389:   gdbm                     x86_64   1.11-4.fc22                    build   134 k
DEBUG util.py:389:   ghc-srpm-macros          noarch   1.4-1.fc23                     build   6.8 k
DEBUG util.py:389:   glib2                    x86_64   2.43.90-1.fc23                 build   2.2 M
DEBUG util.py:389:   glibc                    x86_64   2.21.90-3.fc23                 build   3.6 M
DEBUG util.py:389:   glibc-common             x86_64   2.21.90-3.fc23                 build    11 M
DEBUG util.py:389:   glibc-devel              x86_64   2.21.90-3.fc23                 build   901 k
DEBUG util.py:389:   glibc-headers            x86_64   2.21.90-3.fc23                 build   492 k
DEBUG util.py:389:   gmp                      x86_64   1:6.0.0-8.fc22                 build   281 k
DEBUG util.py:389:   gnat-srpm-macros         noarch   1-1.fc22                       build   7.4 k
DEBUG util.py:389:   gnupg2                   x86_64   2.1.2-1.fc23                   build   1.7 M
DEBUG util.py:389:   groff-base               x86_64   1.22.3-3.fc22                  build   949 k
DEBUG util.py:389:   guile                    x86_64   5:2.0.11-4.fc22                build   3.9 M
DEBUG util.py:389:   isl                      x86_64   0.14-3.fc22                    build   489 k
DEBUG util.py:389:   kernel-headers           x86_64   3.20.0-0.rc0.git7.3.fc23       build   984 k
DEBUG util.py:389:   keyutils-libs            x86_64   1.5.9-4.fc22                   build    43 k
DEBUG util.py:389:   krb5-libs                x86_64   1.13.1-1.fc23                  build   833 k
DEBUG util.py:389:   libacl                   x86_64   2.2.52-7.fc22                  build    30 k
DEBUG util.py:389:   libarchive               x86_64   3.1.2-10.fc22                  build   323 k
DEBUG util.py:389:   libassuan                x86_64   2.2.0-1.fc22                   build    69 k
DEBUG util.py:389:   libatomic_ops            x86_64   7.4.2-4.fc22                   build    30 k
DEBUG util.py:389:   libattr                  x86_64   2.4.47-9.fc22                  build    22 k
DEBUG util.py:389:   libbabeltrace            x86_64   1.2.1-3.fc22                   build   153 k
DEBUG util.py:389:   libblkid                 x86_64   2.26-0.4.fc22                  build   178 k
DEBUG util.py:389:   libcap                   x86_64   2.24-7.fc22                    build    50 k
DEBUG util.py:389:   libcap-ng                x86_64   0.7.4-7.fc22                   build    28 k
DEBUG util.py:389:   libcom_err               x86_64   1.42.12-2.fc23                 build    43 k
DEBUG util.py:389:   libcurl                  x86_64   7.40.0-1.fc22                  build   248 k
DEBUG util.py:389:   libdb                    x86_64   5.3.28-9.fc22                  build   734 k
DEBUG util.py:389:   libdb-utils              x86_64   5.3.28-9.fc22                  build   106 k
DEBUG util.py:389:   libfdisk                 x86_64   2.26-0.4.fc22                  build   213 k
DEBUG util.py:389:   libffi                   x86_64   3.1-7.fc22                     build    33 k
DEBUG util.py:389:   libgcc                   x86_64   5.0.0-0.15.fc23                build    72 k
DEBUG util.py:389:   libgcrypt                x86_64   1.6.2-2.fc22                   build   371 k
DEBUG util.py:389:   libgomp                  x86_64   5.0.0-0.15.fc23                build   133 k
DEBUG util.py:389:   libgpg-error             x86_64   1.17-2.fc22                    build   119 k
DEBUG util.py:389:   libidn                   x86_64   1.29-2.fc22                    build   190 k
DEBUG util.py:389:   libksba                  x86_64   1.3.2-1.fc22                   build   124 k
DEBUG util.py:389:   libmetalink              x86_64   0.1.2-7.fc22                   build    28 k
DEBUG util.py:389:   libmount                 x86_64   2.26-0.4.fc22                  build   197 k
DEBUG util.py:389:   libmpc                   x86_64   1.0.2-3.fc22                   build    54 k
DEBUG util.py:389:   libpwquality             x86_64   1.2.4-2.fc22                   build    87 k
DEBUG util.py:389:   libselinux               x86_64   2.3-6.fc22                     build   148 k
DEBUG util.py:389:   libsemanage              x86_64   2.3-6.fc22                     build   137 k
DEBUG util.py:389:   libsepol                 x86_64   2.3-4.fc22                     build   167 k
DEBUG util.py:389:   libsmartcols             x86_64   2.26-0.4.fc22                  build   137 k
DEBUG util.py:389:   libssh2                  x86_64   1.4.3-16.fc22                  build   138 k
DEBUG util.py:389:   libstdc++                x86_64   5.0.0-0.15.fc23                build   404 k
DEBUG util.py:389:   libstdc++-devel          x86_64   5.0.0-0.15.fc23                build   1.6 M
DEBUG util.py:389:   libtasn1                 x86_64   4.2-1.fc22                     build   322 k
DEBUG util.py:389:   libtool-ltdl             x86_64   2.4.6-1.fc23                   build    53 k
DEBUG util.py:389:   libunistring             x86_64   0.9.4-1.fc22                   build   316 k
DEBUG util.py:389:   libuser                  x86_64   0.60-6.fc22                    build   402 k
DEBUG util.py:389:   libutempter              x86_64   1.1.6-6.fc22                   build    28 k
DEBUG util.py:389:   libuuid                  x86_64   2.26-0.4.fc22                  build    77 k
DEBUG util.py:389:   libverto                 x86_64   0.2.6-4.fc22                   build    20 k
DEBUG util.py:389:   libxml2                  x86_64   2.9.2-2.fc22                   build   673 k
DEBUG util.py:389:   lua                      x86_64   5.3.0-1.fc22                   build   270 k
DEBUG util.py:389:   lzo                      x86_64   2.08-3.fc22                    build    65 k
DEBUG util.py:389:   mpfr                     x86_64   3.1.2-8.fc22                   build   208 k
DEBUG util.py:389:   ncurses                  x86_64   5.9-17.20140906.fc22           build   317 k
DEBUG util.py:389:   ncurses-base             noarch   5.9-17.20140906.fc22           build    73 k
DEBUG util.py:389:   ncurses-libs             x86_64   5.9-17.20140906.fc22           build   313 k
DEBUG util.py:389:   npth                     x86_64   1.1-1.fc22                     build    23 k
DEBUG util.py:389:   nspr                     x86_64   4.10.8-1.fc22                  build   132 k
DEBUG util.py:389:   nss                      x86_64   3.17.4-3.fc22                  build   846 k
DEBUG util.py:389:   nss-softokn              x86_64   3.17.4-1.fc22                  build   308 k
DEBUG util.py:389:   nss-softokn-freebl       x86_64   3.17.4-1.fc22                  build   206 k
DEBUG util.py:389:   nss-sysinit              x86_64   3.17.4-3.fc22                  build    53 k
DEBUG util.py:389:   nss-util                 x86_64   3.17.4-1.fc22                  build    79 k
DEBUG util.py:389:   ocaml-srpm-macros        noarch   2-2.fc22                       build   6.8 k
DEBUG util.py:389:   openldap                 x86_64   2.4.40-9.fc23                  build   330 k
DEBUG util.py:389:   openssl-libs             x86_64   1:1.0.1k-2.fc22                build   942 k
DEBUG util.py:389:   p11-kit                  x86_64   0.22.1-1.fc22                  build   149 k
DEBUG util.py:389:   p11-kit-trust            x86_64   0.22.1-1.fc22                  build   127 k
DEBUG util.py:389:   pam                      x86_64   1.1.8-18.fc22                  build   725 k
DEBUG util.py:389:   pcre                     x86_64   8.36-3.fc22                    build   482 k
DEBUG util.py:389:   perl                     x86_64   4:5.20.2-321.fc23              build   8.0 M
DEBUG util.py:389:   perl-Carp                noarch   1.33.01-310.fc22               build    27 k
DEBUG util.py:389:   perl-Encode              x86_64   2:2.70-1.fc22                  build   1.5 M
DEBUG util.py:389:   perl-Exporter            noarch   5.70-311.fc22                  build    32 k
DEBUG util.py:389:   perl-File-Path           noarch   2.09-311.fc22                  build    30 k
DEBUG util.py:389:   perl-File-Temp           noarch   0.23.04-310.fc22               build    60 k
DEBUG util.py:389:   perl-Getopt-Long         noarch   2.43-1.fc22                    build    59 k
DEBUG util.py:389:   perl-HTTP-Tiny           noarch   0.054-1.fc22                   build    50 k
DEBUG util.py:389:   perl-PathTools           x86_64   3.47-311.fc22                  build    84 k
DEBUG util.py:389:   perl-Pod-Escapes         noarch   1:1.06-321.fc23                build    60 k
DEBUG util.py:389:   perl-Pod-Perldoc         noarch   3.25-1.fc23                    build    84 k
DEBUG util.py:389:   perl-Pod-Simple          noarch   1:3.29-1.fc22                  build   206 k
DEBUG util.py:389:   perl-Pod-Usage           noarch   4:1.65-1.fc23                  build    30 k
DEBUG util.py:389:   perl-Scalar-List-Utils   x86_64   1:1.41-1.fc22                  build    58 k
DEBUG util.py:389:   perl-Socket              x86_64   2:2.018-1.fc23                 build    53 k
DEBUG util.py:389:   perl-Storable            x86_64   1:2.51-4.fc22                  build    83 k
DEBUG util.py:389:   perl-Term-ANSIColor      noarch   4.03-3.fc22                    build    43 k
DEBUG util.py:389:   perl-Text-ParseWords     noarch   3.29-310.fc22                  build    17 k
DEBUG util.py:389:   perl-Time-HiRes          x86_64   1.9726-310.fc22                build    49 k
DEBUG util.py:389:   perl-Time-Local          noarch   1.2300-310.fc22                build    28 k
DEBUG util.py:389:   perl-constant            noarch   1.31-310.fc22                  build    23 k
DEBUG util.py:389:   perl-generators          noarch   1.03-1.fc22                    build    13 k
DEBUG util.py:389:   perl-libs                x86_64   4:5.20.2-321.fc23              build   746 k
DEBUG util.py:389:   perl-macros              x86_64   4:5.20.2-321.fc23              build    52 k
DEBUG util.py:389:   perl-parent              noarch   1:0.228-311.fc22               build    16 k
DEBUG util.py:389:   perl-podlators           noarch   2.5.3-3.fc22                   build   117 k
DEBUG util.py:389:   perl-srpm-macros         noarch   1-14.fc22                      build   8.2 k
DEBUG util.py:389:   perl-threads             x86_64   1:1.96-1.fc22                  build    57 k
DEBUG util.py:389:   perl-threads-shared      x86_64   1.46-310.fc22                  build    43 k
DEBUG util.py:389:   pinentry                 x86_64   0.9.0-1.fc22                   build    60 k
DEBUG util.py:389:   pkgconfig                x86_64   1:0.28-6.fc22                  build    58 k
DEBUG util.py:389:   popt                     x86_64   1.16-5.fc22                    build    57 k
DEBUG util.py:389:   python3                  x86_64   3.4.2-4.fc22                   build    51 k
DEBUG util.py:389:   python3-libs             x86_64   3.4.2-4.fc22                   build   6.6 M
DEBUG util.py:389:   python3-pip              noarch   1.5.6-4.fc22                   build   1.4 M
DEBUG util.py:389:   python3-setuptools       noarch   12.0.3-1.fc22                  build   421 k
DEBUG util.py:389:   readline                 x86_64   6.3-5.fc22                     build   205 k
DEBUG util.py:389:   rpm                      x86_64   4.12.0.1-7.fc23                build   499 k
DEBUG util.py:389:   rpm-build-libs           x86_64   4.12.0.1-7.fc23                build   109 k
DEBUG util.py:389:   rpm-libs                 x86_64   4.12.0.1-7.fc23                build   274 k
DEBUG util.py:389:   rpm-plugin-selinux       x86_64   4.12.0.1-7.fc23                build    47 k
DEBUG util.py:389:   setup                    noarch   2.9.5-1.fc22                   build   170 k
DEBUG util.py:389:   shared-mime-info         x86_64   1.4-2.fc22                     build   291 k
DEBUG util.py:389:   sqlite                   x86_64   3.8.8-2.fc22                   build   452 k
DEBUG util.py:389:   systemd-libs             x86_64   219-3.fc23                     build   350 k
DEBUG util.py:389:   tzdata                   noarch   2015a-1.fc23                   build   419 k
DEBUG util.py:389:   ustr                     x86_64   1.0.4-18.fc22                  build    97 k
DEBUG util.py:389:   xz-libs                  x86_64   5.2.0-2.fc22                   build    88 k
DEBUG util.py:389:   zip                      x86_64   3.0-13.fc22                    build   266 k
DEBUG util.py:389:   zlib                     x86_64   1.2.8-7.fc22                   build    94 k
DEBUG util.py:389:  Transaction Summary
DEBUG util.py:389:  ================================================================================
DEBUG util.py:389:  Install  24 Packages (+151 Dependent packages)
DEBUG util.py:389:  Total download size: 130 M
DEBUG util.py:389:  Installed size: 484 M
DEBUG util.py:389:  warning: /etc/hosts created as /etc/hosts.rpmnew
DEBUG util.py:389:  Installed:
DEBUG util.py:389:    bash.x86_64 0:4.3.33-2.fc22           bzip2.x86_64 0:1.0.6-14.fc22           
DEBUG util.py:389:    coreutils.x86_64 0:8.23-6.fc22        cpio.x86_64 0:2.11-33.fc22             
DEBUG util.py:389:    diffutils.x86_64 0:3.3-9.fc22         fedora-release.noarch 0:23-0.2         
DEBUG util.py:389:    findutils.x86_64 1:4.5.14-3.fc23      gawk.x86_64 0:4.1.1-6.fc22             
DEBUG util.py:389:    gcc.x86_64 0:5.0.0-0.15.fc23          gcc-c++.x86_64 0:5.0.0-0.15.fc23       
DEBUG util.py:389:    grep.x86_64 0:2.21-3.fc22             gzip.x86_64 0:1.6-6.fc22               
DEBUG util.py:389:    info.x86_64 0:5.2-8.fc22              make.x86_64 1:4.0-3.1.fc22             
DEBUG util.py:389:    patch.x86_64 0:2.7.4-1.fc22           redhat-rpm-config.noarch 0:27-1.fc22   
DEBUG util.py:389:    rpm-build.x86_64 0:4.12.0.1-7.fc23    sed.x86_64 0:4.2.2-9.fc22              
DEBUG util.py:389:    shadow-utils.x86_64 2:4.2.1-1.fc22    tar.x86_64 2:1.28-3.fc22               
DEBUG util.py:389:    unzip.x86_64 0:6.0-20.fc23            util-linux.x86_64 0:2.26-0.4.fc22      
DEBUG util.py:389:    which.x86_64 0:2.20-8.fc22            xz.x86_64 0:5.2.0-2.fc22               
DEBUG util.py:389:  Dependency Installed:
DEBUG util.py:389:    audit-libs.x86_64 0:2.4.1-1.fc22                                              
DEBUG util.py:389:    basesystem.noarch 0:10.0-10.fc21                                              
DEBUG util.py:389:    binutils.x86_64 0:2.25-5.fc22                                                 
DEBUG util.py:389:    bzip2-libs.x86_64 0:1.0.6-14.fc22                                             
DEBUG util.py:389:    ca-certificates.noarch 0:2014.2.2-2.fc22                                      
DEBUG util.py:389:    chkconfig.x86_64 0:1.3.63-1.fc22                                              
DEBUG util.py:389:    cpp.x86_64 0:5.0.0-0.15.fc23                                                  
DEBUG util.py:389:    cracklib.x86_64 0:2.9.1-5.fc22                                                
DEBUG util.py:389:    cracklib-dicts.x86_64 0:2.9.1-5.fc22                                          
DEBUG util.py:389:    crypto-policies.noarch 0:20150115-3.git9ef7493.fc22                           
DEBUG util.py:389:    curl.x86_64 0:7.40.0-1.fc22                                                   
DEBUG util.py:389:    cyrus-sasl-lib.x86_64 0:2.1.26-20.fc22                                        
DEBUG util.py:389:    dwz.x86_64 0:0.11-4.fc22                                                      
DEBUG util.py:389:    elfutils.x86_64 0:0.161-4.fc22                                                
DEBUG util.py:389:    elfutils-libelf.x86_64 0:0.161-4.fc22                                         
DEBUG util.py:389:    elfutils-libs.x86_64 0:0.161-4.fc22                                           
DEBUG util.py:389:    expat.x86_64 0:2.1.0-10.fc22                                                  
DEBUG util.py:389:    fedora-repos.noarch 0:23-0.2                                                  
DEBUG util.py:389:    fedora-repos-rawhide.noarch 0:23-0.2                                          
DEBUG util.py:389:    file.x86_64 0:5.22-1.fc22                                                     
DEBUG util.py:389:    file-libs.x86_64 0:5.22-1.fc22                                                
DEBUG util.py:389:    filesystem.x86_64 0:3.2-32.fc22                                               
DEBUG util.py:389:    gc.x86_64 0:7.4.2-2.fc22                                                      
DEBUG util.py:389:    gcc-gdb-plugin.x86_64 0:5.0.0-0.15.fc23                                       
DEBUG util.py:389:    gdb.x86_64 0:7.8.90.20150214-7.fc23                                           
DEBUG util.py:389:    gdbm.x86_64 0:1.11-4.fc22                                                     
DEBUG util.py:389:    ghc-srpm-macros.noarch 0:1.4-1.fc23                                           
DEBUG util.py:389:    glib2.x86_64 0:2.43.90-1.fc23                                                 
DEBUG util.py:389:    glibc.x86_64 0:2.21.90-3.fc23                                                 
DEBUG util.py:389:    glibc-common.x86_64 0:2.21.90-3.fc23                                          
DEBUG util.py:389:    glibc-devel.x86_64 0:2.21.90-3.fc23                                           
DEBUG util.py:389:    glibc-headers.x86_64 0:2.21.90-3.fc23                                         
DEBUG util.py:389:    gmp.x86_64 1:6.0.0-8.fc22                                                     
DEBUG util.py:389:    gnat-srpm-macros.noarch 0:1-1.fc22                                            
DEBUG util.py:389:    gnupg2.x86_64 0:2.1.2-1.fc23                                                  
DEBUG util.py:389:    groff-base.x86_64 0:1.22.3-3.fc22                                             
DEBUG util.py:389:    guile.x86_64 5:2.0.11-4.fc22                                                  
DEBUG util.py:389:    isl.x86_64 0:0.14-3.fc22                                                      
DEBUG util.py:389:    kernel-headers.x86_64 0:3.20.0-0.rc0.git7.3.fc23                              
DEBUG util.py:389:    keyutils-libs.x86_64 0:1.5.9-4.fc22                                           
DEBUG util.py:389:    krb5-libs.x86_64 0:1.13.1-1.fc23                                              
DEBUG util.py:389:    libacl.x86_64 0:2.2.52-7.fc22                                                 
DEBUG util.py:389:    libarchive.x86_64 0:3.1.2-10.fc22                                             
DEBUG util.py:389:    libassuan.x86_64 0:2.2.0-1.fc22                                               
DEBUG util.py:389:    libatomic_ops.x86_64 0:7.4.2-4.fc22                                           
DEBUG util.py:389:    libattr.x86_64 0:2.4.47-9.fc22                                                
DEBUG util.py:389:    libbabeltrace.x86_64 0:1.2.1-3.fc22                                           
DEBUG util.py:389:    libblkid.x86_64 0:2.26-0.4.fc22                                               
DEBUG util.py:389:    libcap.x86_64 0:2.24-7.fc22                                                   
DEBUG util.py:389:    libcap-ng.x86_64 0:0.7.4-7.fc22                                               
DEBUG util.py:389:    libcom_err.x86_64 0:1.42.12-2.fc23                                            
DEBUG util.py:389:    libcurl.x86_64 0:7.40.0-1.fc22                                                
DEBUG util.py:389:    libdb.x86_64 0:5.3.28-9.fc22                                                  
DEBUG util.py:389:    libdb-utils.x86_64 0:5.3.28-9.fc22                                            
DEBUG util.py:389:    libfdisk.x86_64 0:2.26-0.4.fc22                                               
DEBUG util.py:389:    libffi.x86_64 0:3.1-7.fc22                                                    
DEBUG util.py:389:    libgcc.x86_64 0:5.0.0-0.15.fc23                                               
DEBUG util.py:389:    libgcrypt.x86_64 0:1.6.2-2.fc22                                               
DEBUG util.py:389:    libgomp.x86_64 0:5.0.0-0.15.fc23                                              
DEBUG util.py:389:    libgpg-error.x86_64 0:1.17-2.fc22                                             
DEBUG util.py:389:    libidn.x86_64 0:1.29-2.fc22                                                   
DEBUG util.py:389:    libksba.x86_64 0:1.3.2-1.fc22                                                 
DEBUG util.py:389:    libmetalink.x86_64 0:0.1.2-7.fc22                                             
DEBUG util.py:389:    libmount.x86_64 0:2.26-0.4.fc22                                               
DEBUG util.py:389:    libmpc.x86_64 0:1.0.2-3.fc22                                                  
DEBUG util.py:389:    libpwquality.x86_64 0:1.2.4-2.fc22                                            
DEBUG util.py:389:    libselinux.x86_64 0:2.3-6.fc22                                                
DEBUG util.py:389:    libsemanage.x86_64 0:2.3-6.fc22                                               
DEBUG util.py:389:    libsepol.x86_64 0:2.3-4.fc22                                                  
DEBUG util.py:389:    libsmartcols.x86_64 0:2.26-0.4.fc22                                           
DEBUG util.py:389:    libssh2.x86_64 0:1.4.3-16.fc22                                                
DEBUG util.py:389:    libstdc++.x86_64 0:5.0.0-0.15.fc23                                            
DEBUG util.py:389:    libstdc++-devel.x86_64 0:5.0.0-0.15.fc23                                      
DEBUG util.py:389:    libtasn1.x86_64 0:4.2-1.fc22                                                  
DEBUG util.py:389:    libtool-ltdl.x86_64 0:2.4.6-1.fc23                                            
DEBUG util.py:389:    libunistring.x86_64 0:0.9.4-1.fc22                                            
DEBUG util.py:389:    libuser.x86_64 0:0.60-6.fc22                                                  
DEBUG util.py:389:    libutempter.x86_64 0:1.1.6-6.fc22                                             
DEBUG util.py:389:    libuuid.x86_64 0:2.26-0.4.fc22                                                
DEBUG util.py:389:    libverto.x86_64 0:0.2.6-4.fc22                                                
DEBUG util.py:389:    libxml2.x86_64 0:2.9.2-2.fc22                                                 
DEBUG util.py:389:    lua.x86_64 0:5.3.0-1.fc22                                                     
DEBUG util.py:389:    lzo.x86_64 0:2.08-3.fc22                                                      
DEBUG util.py:389:    mpfr.x86_64 0:3.1.2-8.fc22                                                    
DEBUG util.py:389:    ncurses.x86_64 0:5.9-17.20140906.fc22                                         
DEBUG util.py:389:    ncurses-base.noarch 0:5.9-17.20140906.fc22                                    
DEBUG util.py:389:    ncurses-libs.x86_64 0:5.9-17.20140906.fc22                                    
DEBUG util.py:389:    npth.x86_64 0:1.1-1.fc22                                                      
DEBUG util.py:389:    nspr.x86_64 0:4.10.8-1.fc22                                                   
DEBUG util.py:389:    nss.x86_64 0:3.17.4-3.fc22                                                    
DEBUG util.py:389:    nss-softokn.x86_64 0:3.17.4-1.fc22                                            
DEBUG util.py:389:    nss-softokn-freebl.x86_64 0:3.17.4-1.fc22                                     
DEBUG util.py:389:    nss-sysinit.x86_64 0:3.17.4-3.fc22                                            
DEBUG util.py:389:    nss-util.x86_64 0:3.17.4-1.fc22                                               
DEBUG util.py:389:    ocaml-srpm-macros.noarch 0:2-2.fc22                                           
DEBUG util.py:389:    openldap.x86_64 0:2.4.40-9.fc23                                               
DEBUG util.py:389:    openssl-libs.x86_64 1:1.0.1k-2.fc22                                           
DEBUG util.py:389:    p11-kit.x86_64 0:0.22.1-1.fc22                                                
DEBUG util.py:389:    p11-kit-trust.x86_64 0:0.22.1-1.fc22                                          
DEBUG util.py:389:    pam.x86_64 0:1.1.8-18.fc22                                                    
DEBUG util.py:389:    pcre.x86_64 0:8.36-3.fc22                                                     
DEBUG util.py:389:    perl.x86_64 4:5.20.2-321.fc23                                                 
DEBUG util.py:389:    perl-Carp.noarch 0:1.33.01-310.fc22                                           
DEBUG util.py:389:    perl-Encode.x86_64 2:2.70-1.fc22                                              
DEBUG util.py:389:    perl-Exporter.noarch 0:5.70-311.fc22                                          
DEBUG util.py:389:    perl-File-Path.noarch 0:2.09-311.fc22                                         
DEBUG util.py:389:    perl-File-Temp.noarch 0:0.23.04-310.fc22                                      
DEBUG util.py:389:    perl-Getopt-Long.noarch 0:2.43-1.fc22                                         
DEBUG util.py:389:    perl-HTTP-Tiny.noarch 0:0.054-1.fc22                                          
DEBUG util.py:389:    perl-PathTools.x86_64 0:3.47-311.fc22                                         
DEBUG util.py:389:    perl-Pod-Escapes.noarch 1:1.06-321.fc23                                       
DEBUG util.py:389:    perl-Pod-Perldoc.noarch 0:3.25-1.fc23                                         
DEBUG util.py:389:    perl-Pod-Simple.noarch 1:3.29-1.fc22                                          
DEBUG util.py:389:    perl-Pod-Usage.noarch 4:1.65-1.fc23                                           
DEBUG util.py:389:    perl-Scalar-List-Utils.x86_64 1:1.41-1.fc22                                   
DEBUG util.py:389:    perl-Socket.x86_64 2:2.018-1.fc23                                             
DEBUG util.py:389:    perl-Storable.x86_64 1:2.51-4.fc22                                            
DEBUG util.py:389:    perl-Term-ANSIColor.noarch 0:4.03-3.fc22                                      
DEBUG util.py:389:    perl-Text-ParseWords.noarch 0:3.29-310.fc22                                   
DEBUG util.py:389:    perl-Time-HiRes.x86_64 0:1.9726-310.fc22                                      
DEBUG util.py:389:    perl-Time-Local.noarch 0:1.2300-310.fc22                                      
DEBUG util.py:389:    perl-constant.noarch 0:1.31-310.fc22                                          
DEBUG util.py:389:    perl-generators.noarch 0:1.03-1.fc22                                          
DEBUG util.py:389:    perl-libs.x86_64 4:5.20.2-321.fc23                                            
DEBUG util.py:389:    perl-macros.x86_64 4:5.20.2-321.fc23                                          
DEBUG util.py:389:    perl-parent.noarch 1:0.228-311.fc22                                           
DEBUG util.py:389:    perl-podlators.noarch 0:2.5.3-3.fc22                                          
DEBUG util.py:389:    perl-srpm-macros.noarch 0:1-14.fc22                                           
DEBUG util.py:389:    perl-threads.x86_64 1:1.96-1.fc22                                             
DEBUG util.py:389:    perl-threads-shared.x86_64 0:1.46-310.fc22                                    
DEBUG util.py:389:    pinentry.x86_64 0:0.9.0-1.fc22                                                
DEBUG util.py:389:    pkgconfig.x86_64 1:0.28-6.fc22                                                
DEBUG util.py:389:    popt.x86_64 0:1.16-5.fc22                                                     
DEBUG util.py:389:    python3.x86_64 0:3.4.2-4.fc22                                                 
DEBUG util.py:389:    python3-libs.x86_64 0:3.4.2-4.fc22                                            
DEBUG util.py:389:    python3-pip.noarch 0:1.5.6-4.fc22                                             
DEBUG util.py:389:    python3-setuptools.noarch 0:12.0.3-1.fc22                                     
DEBUG util.py:389:    readline.x86_64 0:6.3-5.fc22                                                  
DEBUG util.py:389:    rpm.x86_64 0:4.12.0.1-7.fc23                                                  
DEBUG util.py:389:    rpm-build-libs.x86_64 0:4.12.0.1-7.fc23                                       
DEBUG util.py:389:    rpm-libs.x86_64 0:4.12.0.1-7.fc23                                             
DEBUG util.py:389:    rpm-plugin-selinux.x86_64 0:4.12.0.1-7.fc23                                   
DEBUG util.py:389:    setup.noarch 0:2.9.5-1.fc22                                                   
DEBUG util.py:389:    shared-mime-info.x86_64 0:1.4-2.fc22                                          
DEBUG util.py:389:    sqlite.x86_64 0:3.8.8-2.fc22                                                  
DEBUG util.py:389:    systemd-libs.x86_64 0:219-3.fc23                                              
DEBUG util.py:389:    tzdata.noarch 0:2015a-1.fc23                                                  
DEBUG util.py:389:    ustr.x86_64 0:1.0.4-18.fc22                                                   
DEBUG util.py:389:    xz-libs.x86_64 0:5.2.0-2.fc22                                                 
DEBUG util.py:389:    zip.x86_64 0:3.0-13.fc22                                                      
DEBUG util.py:389:    zlib.x86_64 0:1.2.8-7.fc22                                                    
DEBUG util.py:500:  Child return code was: 0
DEBUG util.py:119:  touching file: /var/lib/mock/rawhide-x86_64/root/etc/os-release
DEBUG util.py:519:  child environment: None
DEBUG util.py:453:  Executing command: ['/usr/sbin/userdel', '-r', '-f', 'mockbuild'] with env {'LANG': 'es_CO.utf8', 'TERM': 'vt100', 'SHELL': '/bin/bash', 'HOSTNAME': 'mock', 'PROMPT_COMMAND': 'printf "\x1b]0;<mock-chroot>\x07<mock-chroot>"', 'HOME': '/builddir', 'PATH': '/usr/bin:/bin:/usr/sbin:/sbin'} and shell False
DEBUG util.py:389:  userdel: el usuario «mockbuild» no existe
DEBUG util.py:500:  Child return code was: 6
DEBUG util.py:519:  child environment: None
DEBUG util.py:453:  Executing command: ['/usr/sbin/userdel', '-r', '-f', 'mockbuild'] with env {'LANG': 'es_CO.utf8', 'TERM': 'vt100', 'SHELL': '/bin/bash', 'HOSTNAME': 'mock', 'PROMPT_COMMAND': 'printf "\x1b]0;<mock-chroot>\x07<mock-chroot>"', 'HOME': '/builddir', 'PATH': '/usr/bin:/bin:/usr/sbin:/sbin'} and shell False
DEBUG util.py:389:  userdel: el usuario «mockbuild» no existe
DEBUG util.py:500:  Child return code was: 6
DEBUG util.py:519:  child environment: None
DEBUG util.py:453:  Executing command: ['/usr/sbin/groupdel', 'mockbuild'] with env {'LANG': 'es_CO.utf8', 'TERM': 'vt100', 'SHELL': '/bin/bash', 'HOSTNAME': 'mock', 'PROMPT_COMMAND': 'printf "\x1b]0;<mock-chroot>\x07<mock-chroot>"', 'HOME': '/builddir', 'PATH': '/usr/bin:/bin:/usr/sbin:/sbin'} and shell False
DEBUG util.py:389:  groupdel: el grupo «mockbuild» no existe
DEBUG util.py:500:  Child return code was: 6
DEBUG util.py:519:  child environment: None
DEBUG util.py:453:  Executing command: ['/usr/sbin/groupadd', '-g', '135', 'mockbuild'] with env {'LANG': 'es_CO.utf8', 'TERM': 'vt100', 'SHELL': '/bin/bash', 'HOSTNAME': 'mock', 'PROMPT_COMMAND': 'printf "\x1b]0;<mock-chroot>\x07<mock-chroot>"', 'HOME': '/builddir', 'PATH': '/usr/bin:/bin:/usr/sbin:/sbin'} and shell False
DEBUG util.py:500:  Child return code was: 0
DEBUG util.py:519:  child environment: None
DEBUG util.py:453:  Executing command: /usr/sbin/useradd -o -m -u 1000 -g 135 -d /builddir -n mockbuild with env {'LANG': 'es_CO.utf8', 'TERM': 'vt100', 'SHELL': '/bin/bash', 'HOSTNAME': 'mock', 'PROMPT_COMMAND': 'printf "\x1b]0;<mock-chroot>\x07<mock-chroot>"', 'HOME': '/builddir', 'PATH': '/usr/bin:/bin:/usr/sbin:/sbin'} and shell True
DEBUG util.py:500:  Child return code was: 0
DEBUG util.py:107:  ensuring that dir exists: /var/lib/mock/rawhide-x86_64/root/builddir/build/RPMS
DEBUG util.py:110:  creating dir: /var/lib/mock/rawhide-x86_64/root/builddir/build/RPMS
DEBUG util.py:107:  ensuring that dir exists: /var/lib/mock/rawhide-x86_64/root/builddir/build/SPECS
DEBUG util.py:110:  creating dir: /var/lib/mock/rawhide-x86_64/root/builddir/build/SPECS
DEBUG util.py:107:  ensuring that dir exists: /var/lib/mock/rawhide-x86_64/root/builddir/build/SRPMS
DEBUG util.py:110:  creating dir: /var/lib/mock/rawhide-x86_64/root/builddir/build/SRPMS
DEBUG util.py:107:  ensuring that dir exists: /var/lib/mock/rawhide-x86_64/root/builddir/build/SOURCES
DEBUG util.py:110:  creating dir: /var/lib/mock/rawhide-x86_64/root/builddir/build/SOURCES
DEBUG util.py:107:  ensuring that dir exists: /var/lib/mock/rawhide-x86_64/root/builddir/build/BUILD
DEBUG util.py:110:  creating dir: /var/lib/mock/rawhide-x86_64/root/builddir/build/BUILD
DEBUG util.py:107:  ensuring that dir exists: /var/lib/mock/rawhide-x86_64/root/builddir/build/BUILDROOT
DEBUG util.py:110:  creating dir: /var/lib/mock/rawhide-x86_64/root/builddir/build/BUILDROOT
DEBUG util.py:107:  ensuring that dir exists: /var/lib/mock/rawhide-x86_64/root/builddir/build/originals
DEBUG util.py:110:  creating dir: /var/lib/mock/rawhide-x86_64/root/builddir/build/originals
DEBUG util.py:119:  touching file: /var/lib/mock/rawhide-x86_64/root/.initialized
INFO backend.py:172:  Installed packages:
DEBUG util.py:519:  child environment: None
DEBUG util.py:453:  Executing command: /bin/rpm --root /var/lib/mock/rawhide-x86_64/root -qa with env {'LANG': 'es_CO.utf8', 'TERM': 'vt100', 'SHELL': '/bin/bash', 'HOSTNAME': 'mock', 'PROMPT_COMMAND': 'printf "\x1b]0;<mock-chroot>\x07<mock-chroot>"', 'HOME': '/builddir', 'PATH': '/usr/bin:/bin:/usr/sbin:/sbin'} and shell True
DEBUG util.py:389:  fedora-repos-rawhide-23-0.2.noarch
DEBUG util.py:389:  fedora-repos-23-0.2.noarch
DEBUG util.py:389:  filesystem-3.2-32.fc22.x86_64
DEBUG util.py:389:  kernel-headers-3.20.0-0.rc0.git7.3.fc23.x86_64
DEBUG util.py:389:  ncurses-base-5.9-17.20140906.fc22.noarch
DEBUG util.py:389:  gnat-srpm-macros-1-1.fc22.noarch
DEBUG util.py:389:  tzdata-2015a-1.fc23.noarch
DEBUG util.py:389:  glibc-common-2.21.90-3.fc23.x86_64
DEBUG util.py:389:  xz-libs-5.2.0-2.fc22.x86_64
DEBUG util.py:389:  ncurses-libs-5.9-17.20140906.fc22.x86_64
DEBUG util.py:389:  libsepol-2.3-4.fc22.x86_64
DEBUG util.py:389:  libselinux-2.3-6.fc22.x86_64
DEBUG util.py:389:  info-5.2-8.fc22.x86_64
DEBUG util.py:389:  gmp-6.0.0-8.fc22.x86_64
DEBUG util.py:389:  elfutils-libelf-0.161-4.fc22.x86_64
DEBUG util.py:389:  readline-6.3-5.fc22.x86_64
DEBUG util.py:389:  libattr-2.4.47-9.fc22.x86_64
DEBUG util.py:389:  libcap-2.24-7.fc22.x86_64
DEBUG util.py:389:  lua-5.3.0-1.fc22.x86_64
DEBUG util.py:389:  libgpg-error-1.17-2.fc22.x86_64
DEBUG util.py:389:  sed-4.2.2-9.fc22.x86_64
DEBUG util.py:389:  mpfr-3.1.2-8.fc22.x86_64
DEBUG util.py:389:  audit-libs-2.4.1-1.fc22.x86_64
DEBUG util.py:389:  file-libs-5.22-1.fc22.x86_64
DEBUG util.py:389:  expat-2.1.0-10.fc22.x86_64
DEBUG util.py:389:  libgcrypt-1.6.2-2.fc22.x86_64
DEBUG util.py:389:  elfutils-libs-0.161-4.fc22.x86_64
DEBUG util.py:389:  libxml2-2.9.2-2.fc22.x86_64
DEBUG util.py:389:  elfutils-0.161-4.fc22.x86_64
DEBUG util.py:389:  libmetalink-0.1.2-7.fc22.x86_64
DEBUG util.py:389:  cpp-5.0.0-0.15.fc23.x86_64
DEBUG util.py:389:  pinentry-0.9.0-1.fc22.x86_64
DEBUG util.py:389:  perl-Term-ANSIColor-4.03-3.fc22.noarch
DEBUG util.py:389:  perl-Pod-Perldoc-3.25-1.fc23.noarch
DEBUG util.py:389:  perl-Text-ParseWords-3.29-310.fc22.noarch
DEBUG util.py:389:  perl-Encode-2.70-1.fc22.x86_64
DEBUG util.py:389:  perl-macros-5.20.2-321.fc23.x86_64
DEBUG util.py:389:  perl-libs-5.20.2-321.fc23.x86_64
DEBUG util.py:389:  perl-threads-1.96-1.fc22.x86_64
DEBUG util.py:389:  perl-PathTools-3.47-311.fc22.x86_64
DEBUG util.py:389:  perl-Scalar-List-Utils-1.41-1.fc22.x86_64
DEBUG util.py:389:  perl-Socket-2.018-1.fc23.x86_64
DEBUG util.py:389:  perl-Exporter-5.70-311.fc22.noarch
DEBUG util.py:389:  perl-Carp-1.33.01-310.fc22.noarch
DEBUG util.py:389:  perl-Pod-Simple-3.29-1.fc22.noarch
DEBUG util.py:389:  perl-5.20.2-321.fc23.x86_64
DEBUG util.py:389:  libksba-1.3.2-1.fc22.x86_64
DEBUG util.py:389:  tar-1.28-3.fc22.x86_64
DEBUG util.py:389:  dwz-0.11-4.fc22.x86_64
DEBUG util.py:389:  cyrus-sasl-lib-2.1.26-20.fc22.x86_64
DEBUG util.py:389:  zip-3.0-13.fc22.x86_64
DEBUG util.py:389:  unzip-6.0-20.fc23.x86_64
DEBUG util.py:389:  diffutils-3.3-9.fc22.x86_64
DEBUG util.py:389:  findutils-4.5.14-3.fc23.x86_64
DEBUG util.py:389:  libunistring-0.9.4-1.fc22.x86_64
DEBUG util.py:389:  glibc-devel-2.21.90-3.fc23.x86_64
DEBUG util.py:389:  libstdc++-devel-5.0.0-0.15.fc23.x86_64
DEBUG util.py:389:  libsemanage-2.3-6.fc22.x86_64
DEBUG util.py:389:  libtool-ltdl-2.4.6-1.fc23.x86_64
DEBUG util.py:389:  libsmartcols-2.26-0.4.fc22.x86_64
DEBUG util.py:389:  npth-1.1-1.fc22.x86_64
DEBUG util.py:389:  p11-kit-trust-0.22.1-1.fc22.x86_64
DEBUG util.py:389:  openssl-libs-1.0.1k-2.fc22.x86_64
DEBUG util.py:389:  ca-certificates-2014.2.2-2.fc22.noarch
DEBUG util.py:389:  libblkid-2.26-0.4.fc22.x86_64
DEBUG util.py:389:  gzip-1.6-6.fc22.x86_64
DEBUG util.py:389:  cracklib-dicts-2.9.1-5.fc22.x86_64
DEBUG util.py:389:  python3-pip-1.5.6-4.fc22.noarch
DEBUG util.py:389:  python3-libs-3.4.2-4.fc22.x86_64
DEBUG util.py:389:  gcc-5.0.0-0.15.fc23.x86_64
DEBUG util.py:389:  libpwquality-1.2.4-2.fc22.x86_64
DEBUG util.py:389:  systemd-libs-219-3.fc23.x86_64
DEBUG util.py:389:  libfdisk-2.26-0.4.fc22.x86_64
DEBUG util.py:389:  shadow-utils-4.2.1-1.fc22.x86_64
DEBUG util.py:389:  pkgconfig-0.28-6.fc22.x86_64
DEBUG util.py:389:  shared-mime-info-1.4-2.fc22.x86_64
DEBUG util.py:389:  libuser-0.60-6.fc22.x86_64
DEBUG util.py:389:  nss-sysinit-3.17.4-3.fc22.x86_64
DEBUG util.py:389:  libcurl-7.40.0-1.fc22.x86_64
DEBUG util.py:389:  libatomic_ops-7.4.2-4.fc22.x86_64
DEBUG util.py:389:  guile-2.0.11-4.fc22.x86_64
DEBUG util.py:389:  lzo-2.08-3.fc22.x86_64
DEBUG util.py:389:  rpm-plugin-selinux-4.12.0.1-7.fc23.x86_64
DEBUG util.py:389:  rpm-4.12.0.1-7.fc23.x86_64
DEBUG util.py:389:  rpm-build-libs-4.12.0.1-7.fc23.x86_64
DEBUG util.py:389:  util-linux-2.26-0.4.fc22.x86_64
DEBUG util.py:389:  which-2.20-8.fc22.x86_64
DEBUG util.py:389:  libgcc-5.0.0-0.15.fc23.x86_64
DEBUG util.py:389:  fedora-release-23-0.2.noarch
DEBUG util.py:389:  setup-2.9.5-1.fc22.noarch
DEBUG util.py:389:  basesystem-10.0-10.fc21.noarch
DEBUG util.py:389:  ocaml-srpm-macros-2-2.fc22.noarch
DEBUG util.py:389:  perl-srpm-macros-1-14.fc22.noarch
DEBUG util.py:389:  ghc-srpm-macros-1.4-1.fc23.noarch
DEBUG util.py:389:  nss-softokn-freebl-3.17.4-1.fc22.x86_64
DEBUG util.py:389:  glibc-2.21.90-3.fc23.x86_64
DEBUG util.py:389:  libstdc++-5.0.0-0.15.fc23.x86_64
DEBUG util.py:389:  bash-4.3.33-2.fc22.x86_64
DEBUG util.py:389:  pcre-8.36-3.fc22.x86_64
DEBUG util.py:389:  zlib-1.2.8-7.fc22.x86_64
DEBUG util.py:389:  bzip2-libs-1.0.6-14.fc22.x86_64
DEBUG util.py:389:  libdb-5.3.28-9.fc22.x86_64
DEBUG util.py:389:  popt-1.16-5.fc22.x86_64
DEBUG util.py:389:  nspr-4.10.8-1.fc22.x86_64
DEBUG util.py:389:  libacl-2.2.52-7.fc22.x86_64
DEBUG util.py:389:  nss-util-3.17.4-1.fc22.x86_64
DEBUG util.py:389:  libuuid-2.26-0.4.fc22.x86_64
DEBUG util.py:389:  libffi-3.1-7.fc22.x86_64
DEBUG util.py:389:  chkconfig-1.3.63-1.fc22.x86_64
DEBUG util.py:389:  grep-2.21-3.fc22.x86_64
DEBUG util.py:389:  libmpc-1.0.2-3.fc22.x86_64
DEBUG util.py:389:  libcom_err-1.42.12-2.fc23.x86_64
DEBUG util.py:389:  p11-kit-0.22.1-1.fc22.x86_64
DEBUG util.py:389:  sqlite-3.8.8-2.fc22.x86_64
DEBUG util.py:389:  gawk-4.1.1-6.fc22.x86_64
DEBUG util.py:389:  gdbm-1.11-4.fc22.x86_64
DEBUG util.py:389:  nss-softokn-3.17.4-1.fc22.x86_64
DEBUG util.py:389:  file-5.22-1.fc22.x86_64
DEBUG util.py:389:  xz-5.2.0-2.fc22.x86_64
DEBUG util.py:389:  groff-base-1.22.3-3.fc22.x86_64
DEBUG util.py:389:  perl-HTTP-Tiny-0.054-1.fc22.noarch
DEBUG util.py:389:  perl-podlators-2.5.3-3.fc22.noarch
DEBUG util.py:389:  perl-Pod-Escapes-1.06-321.fc23.noarch
DEBUG util.py:389:  perl-Pod-Usage-1.65-1.fc23.noarch
DEBUG util.py:389:  perl-parent-0.228-311.fc22.noarch
DEBUG util.py:389:  perl-constant-1.31-310.fc22.noarch
DEBUG util.py:389:  perl-Time-HiRes-1.9726-310.fc22.x86_64
DEBUG util.py:389:  perl-threads-shared-1.46-310.fc22.x86_64
DEBUG util.py:389:  perl-Storable-2.51-4.fc22.x86_64
DEBUG util.py:389:  perl-File-Path-2.09-311.fc22.noarch
DEBUG util.py:389:  perl-Time-Local-1.2300-310.fc22.noarch
DEBUG util.py:389:  perl-File-Temp-0.23.04-310.fc22.noarch
DEBUG util.py:389:  perl-Getopt-Long-2.43-1.fc22.noarch
DEBUG util.py:389:  perl-generators-1.03-1.fc22.noarch
DEBUG util.py:389:  libassuan-2.2.0-1.fc22.x86_64
DEBUG util.py:389:  patch-2.7.4-1.fc22.x86_64
DEBUG util.py:389:  libdb-utils-5.3.28-9.fc22.x86_64
DEBUG util.py:389:  isl-0.14-3.fc22.x86_64
DEBUG util.py:389:  bzip2-1.0.6-14.fc22.x86_64
DEBUG util.py:389:  libgomp-5.0.0-0.15.fc23.x86_64
DEBUG util.py:389:  cpio-2.11-33.fc22.x86_64
DEBUG util.py:389:  libidn-1.29-2.fc22.x86_64
DEBUG util.py:389:  glibc-headers-2.21.90-3.fc23.x86_64
DEBUG util.py:389:  ncurses-5.9-17.20140906.fc22.x86_64
DEBUG util.py:389:  ustr-1.0.4-18.fc22.x86_64
DEBUG util.py:389:  libverto-0.2.6-4.fc22.x86_64
DEBUG util.py:389:  keyutils-libs-1.5.9-4.fc22.x86_64
DEBUG util.py:389:  libcap-ng-0.7.4-7.fc22.x86_64
DEBUG util.py:389:  libtasn1-4.2-1.fc22.x86_64
DEBUG util.py:389:  krb5-libs-1.13.1-1.fc23.x86_64
DEBUG util.py:389:  coreutils-8.23-6.fc22.x86_64
DEBUG util.py:389:  crypto-policies-20150115-3.git9ef7493.fc22.noarch
DEBUG util.py:389:  openldap-2.4.40-9.fc23.x86_64
DEBUG util.py:389:  cracklib-2.9.1-5.fc22.x86_64
DEBUG util.py:389:  python3-setuptools-12.0.3-1.fc22.noarch
DEBUG util.py:389:  python3-3.4.2-4.fc22.x86_64
DEBUG util.py:389:  binutils-2.25-5.fc22.x86_64
DEBUG util.py:389:  gcc-gdb-plugin-5.0.0-0.15.fc23.x86_64
DEBUG util.py:389:  pam-1.1.8-18.fc22.x86_64
DEBUG util.py:389:  gnupg2-2.1.2-1.fc23.x86_64
DEBUG util.py:389:  libmount-2.26-0.4.fc22.x86_64
DEBUG util.py:389:  libutempter-1.1.6-6.fc22.x86_64
DEBUG util.py:389:  glib2-2.43.90-1.fc23.x86_64
DEBUG util.py:389:  libbabeltrace-1.2.1-3.fc22.x86_64
DEBUG util.py:389:  nss-3.17.4-3.fc22.x86_64
DEBUG util.py:389:  libssh2-1.4.3-16.fc22.x86_64
DEBUG util.py:389:  curl-7.40.0-1.fc22.x86_64
DEBUG util.py:389:  gc-7.4.2-2.fc22.x86_64
DEBUG util.py:389:  gdb-7.8.90.20150214-7.fc23.x86_64
DEBUG util.py:389:  libarchive-3.1.2-10.fc22.x86_64
DEBUG util.py:389:  rpm-libs-4.12.0.1-7.fc23.x86_64
DEBUG util.py:389:  redhat-rpm-config-27-1.fc22.noarch
DEBUG util.py:389:  rpm-build-4.12.0.1-7.fc23.x86_64
DEBUG util.py:389:  gcc-c++-5.0.0-0.15.fc23.x86_64
DEBUG util.py:389:  make-4.0-3.1.fc22.x86_64
DEBUG util.py:500:  Child return code was: 0
DEBUG util.py:519:  child environment: None
DEBUG util.py:453:  Executing command: ['/bin/rpm', '-Uvh', '--nodeps', '/builddir/build/originals/screenfetch-3.6.5-1.20140929git0fb57330.fc23.src.rpm'] with env {'LANG': 'es_CO.utf8', 'TERM': 'vt100', 'SHELL': '/bin/bash', 'HOSTNAME': 'mock', 'PROMPT_COMMAND': 'printf "\x1b]0;<mock-chroot>\x07<mock-chroot>"', 'HOME': '/builddir', 'PATH': '/usr/bin:/bin:/usr/sbin:/sbin'} and shell False
DEBUG util.py:389:  Actualizando / instalando...
DEBUG util.py:389:  screenfetch-3.6.5-1.20140929git0fb5733advertencia:usuario martin no existe - utilizando root
DEBUG util.py:389:  advertencia:grupo martin no existe - utilizando root
DEBUG util.py:389:  ######################################advertencia:usuario martin no existe - utilizando root
DEBUG util.py:389:  advertencia:grupo martin no existe - utilizando root
DEBUG util.py:389:  ##
DEBUG util.py:500:  Child return code was: 0
DEBUG util.py:519:  child environment: None
DEBUG util.py:453:  Executing command: ['/bin/rpm', '-qpl', '/builddir/build/originals/screenfetch-3.6.5-1.20140929git0fb57330.fc23.src.rpm'] with env {'LANG': 'es_CO.utf8', 'TERM': 'vt100', 'SHELL': '/bin/bash', 'HOSTNAME': 'mock', 'PROMPT_COMMAND': 'printf "\x1b]0;<mock-chroot>\x07<mock-chroot>"', 'HOME': '/builddir', 'PATH': '/usr/bin:/bin:/usr/sbin:/sbin'} and shell False
DEBUG util.py:389:  screenFetch-0fb57330f1ce320a0518bbe432099fb2a5e7a273.tar.gz
DEBUG util.py:389:  screenfetch.spec
DEBUG util.py:500:  Child return code was: 0
DEBUG util.py:519:  child environment: None
DEBUG package_manager.py:61:  ['/usr/bin/yum-builddep', '--installroot', '/var/lib/mock/rawhide-x86_64/root/', '/var/lib/mock/rawhide-x86_64/root//builddir/build/SRPMS/screenfetch-3.6.5-1.20140929git0fb57330.fc23.src.rpm']
DEBUG util.py:519:  child environment: None
DEBUG util.py:453:  Executing command: ['/usr/bin/yum-builddep', '--installroot', '/var/lib/mock/rawhide-x86_64/root/', '/var/lib/mock/rawhide-x86_64/root//builddir/build/SRPMS/screenfetch-3.6.5-1.20140929git0fb57330.fc23.src.rpm'] with env {'LANG': 'es_CO.utf8', 'TERM': 'vt100', 'SHELL': '/bin/bash', 'LC_MESSAGES': 'C', 'PROMPT_COMMAND': 'printf "\x1b]0;<mock-chroot>\x07<mock-chroot>"', 'PATH': '/usr/bin:/bin:/usr/sbin:/sbin', 'HOME': '/builddir', 'HOSTNAME': 'mock'} and shell False
DEBUG util.py:389:  Getting requirements for screenfetch-3.6.5-1.20140929git0fb57330.fc23.src
DEBUG util.py:389:  No uninstalled build requires
DEBUG util.py:500:  Child return code was: 0
DEBUG util.py:519:  child environment: None
DEBUG backend.py:443:  Copying packages to result dir
DEBUG util.py:184:  kill orphans
DEBUG util.py:519:  child environment: None
DEBUG util.py:453:  Executing command: ['/bin/umount', '-n', '-l', '/var/lib/mock/rawhide-x86_64/root/dev/pts'] with env {'LANG': 'es_CO.utf8', 'TERM': 'vt100', 'SHELL': '/bin/sh', 'HOSTNAME': 'mock', 'HOME': '/builddir', 'PATH': '/usr/bin:/bin:/usr/sbin:/sbin'} and shell False
DEBUG util.py:500:  Child return code was: 0
DEBUG util.py:519:  child environment: None
DEBUG util.py:453:  Executing command: ['/bin/umount', '-n', '-l', '/var/lib/mock/rawhide-x86_64/root/dev/shm'] with env {'LANG': 'es_CO.utf8', 'TERM': 'vt100', 'SHELL': '/bin/sh', 'HOSTNAME': 'mock', 'HOME': '/builddir', 'PATH': '/usr/bin:/bin:/usr/sbin:/sbin'} and shell False
DEBUG util.py:500:  Child return code was: 0
DEBUG util.py:519:  child environment: None
DEBUG util.py:453:  Executing command: ['/bin/umount', '-n', '-l', '/var/lib/mock/rawhide-x86_64/root/sys'] with env {'LANG': 'es_CO.utf8', 'TERM': 'vt100', 'SHELL': '/bin/sh', 'HOSTNAME': 'mock', 'HOME': '/builddir', 'PATH': '/usr/bin:/bin:/usr/sbin:/sbin'} and shell False
DEBUG util.py:500:  Child return code was: 0
DEBUG util.py:519:  child environment: None
DEBUG util.py:453:  Executing command: ['/bin/umount', '-n', '-l', '/var/lib/mock/rawhide-x86_64/root/proc'] with env {'LANG': 'es_CO.utf8', 'TERM': 'vt100', 'SHELL': '/bin/sh', 'HOSTNAME': 'mock', 'HOME': '/builddir', 'PATH': '/usr/bin:/bin:/usr/sbin:/sbin'} and shell False
DEBUG util.py:500:  Child return code was: 0
